TN:
SF:src\application\commands\CreateWalletHandler.ts
FN:24,(anonymous_0)
FN:30,(anonymous_1)
FNF:2
FNH:0
FNDA:0,(anonymous_0)
FNDA:0,(anonymous_1)
DA:5,0
DA:6,0
DA:7,0
DA:8,0
DA:23,0
DA:25,0
DA:26,0
DA:27,0
DA:31,0
DA:32,0
DA:35,0
DA:36,0
DA:37,0
DA:41,0
DA:42,0
DA:43,0
DA:44,0
DA:53,0
DA:60,0
DA:68,0
DA:73,0
LF:21
LH:0
BRDA:31,0,0,0
BRDA:31,0,1,0
BRDA:32,1,0,0
BRDA:32,1,1,0
BRDA:36,2,0,0
BRDA:42,3,0,0
BRDA:48,4,0,0
BRDA:48,4,1,0
BRF:8
BRH:0
end_of_record
TN:
SF:src\application\commands\InitiateDepositHandler.ts
FN:31,(anonymous_1)
FN:38,(anonymous_2)
FN:107,(anonymous_3)
FNF:3
FNH:0
FNDA:0,(anonymous_1)
FNDA:0,(anonymous_2)
FNDA:0,(anonymous_3)
DA:1,0
DA:8,0
DA:9,0
DA:10,0
DA:11,0
DA:30,0
DA:32,0
DA:33,0
DA:34,0
DA:35,0
DA:39,0
DA:42,0
DA:43,0
DA:44,0
DA:48,0
DA:49,0
DA:50,0
DA:52,0
DA:55,0
DA:56,0
DA:59,0
DA:72,0
DA:82,0
DA:92,0
DA:93,0
DA:95,0
DA:104,0
DA:108,0
LF:28
LH:0
BRDA:39,0,0,0
BRDA:39,0,1,0
BRDA:43,1,0,0
BRDA:49,2,0,0
BRDA:110,3,0,0
BRDA:110,3,1,0
BRDA:110,3,2,0
BRDA:113,4,0,0
BRDA:113,4,1,0
BRDA:114,5,0,0
BRDA:114,5,1,0
BRF:11
BRH:0
end_of_record
TN:
SF:src\application\commands\InitiateWithdrawalHandler.ts
FN:31,(anonymous_1)
FN:38,(anonymous_2)
FN:114,(anonymous_3)
FNF:3
FNH:0
FNDA:0,(anonymous_1)
FNDA:0,(anonymous_2)
FNDA:0,(anonymous_3)
DA:1,0
DA:8,0
DA:9,0
DA:10,0
DA:30,0
DA:32,0
DA:33,0
DA:34,0
DA:35,0
DA:39,0
DA:42,0
DA:43,0
DA:44,0
DA:48,0
DA:49,0
DA:50,0
DA:54,0
DA:55,0
DA:56,0
DA:59,0
DA:62,0
DA:63,0
DA:66,0
DA:79,0
DA:88,0
DA:98,0
DA:99,0
DA:101,0
DA:111,0
DA:115,0
LF:30
LH:0
BRDA:39,0,0,0
BRDA:39,0,1,0
BRDA:43,1,0,0
BRDA:49,2,0,0
BRDA:117,3,0,0
BRDA:117,3,1,0
BRDA:117,3,2,0
BRDA:121,4,0,0
BRDA:121,4,1,0
BRDA:122,5,0,0
BRDA:122,5,1,0
BRF:11
BRH:0
end_of_record
TN:
SF:src\application\commands\index.ts
FNF:0
FNH:0
DA:1,0
DA:2,0
DA:3,0
DA:4,0
DA:5,0
LF:5
LH:0
BRF:0
BRH:0
end_of_record
TN:
SF:src\application\queries\GetBalanceHandler.ts
FN:24,(anonymous_0)
FN:30,(anonymous_1)
FNF:2
FNH:0
FNDA:0,(anonymous_0)
FNDA:0,(anonymous_1)
DA:5,0
DA:6,0
DA:23,0
DA:25,0
DA:26,0
DA:27,0
DA:32,0
DA:33,0
DA:34,0
DA:38,0
DA:39,0
DA:40,0
DA:44,0
DA:47,0
DA:50,0
DA:52,0
LF:16
LH:0
BRDA:33,0,0,0
BRDA:39,1,0,0
BRDA:44,2,0,0
BRDA:44,2,1,0
BRF:4
BRH:0
end_of_record
TN:
SF:src\application\queries\GetExchangeRateHandler.ts
FN:21,(anonymous_0)
FN:23,(anonymous_1)
FN:27,(anonymous_2)
FNF:3
FNH:0
FNDA:0,(anonymous_0)
FNDA:0,(anonymous_1)
FNDA:0,(anonymous_2)
DA:20,0
DA:21,0
DA:24,0
DA:26,0
DA:27,0
LF:5
LH:0
BRF:0
BRH:0
end_of_record
TN:
SF:src\application\queries\GetTransactionHistoryHandler.ts
FN:33,(anonymous_0)
FN:38,(anonymous_1)
FN:63,(anonymous_2)
FNF:3
FNH:0
FNDA:0,(anonymous_0)
FNDA:0,(anonymous_1)
FNDA:0,(anonymous_2)
DA:4,0
DA:32,0
DA:34,0
DA:35,0
DA:40,0
DA:41,0
DA:42,0
DA:46,0
DA:54,0
DA:60,0
DA:62,0
DA:63,0
LF:12
LH:0
BRDA:41,0,0,0
BRDA:55,1,0,0
BRDA:55,1,1,0
BRDA:56,2,0,0
BRDA:56,2,1,0
BRDA:69,3,0,0
BRDA:69,3,1,0
BRDA:73,4,0,0
BRDA:73,4,1,0
BRF:9
BRH:0
end_of_record
TN:
SF:src\application\queries\index.ts
FNF:0
FNH:0
DA:1,0
DA:2,0
DA:3,0
LF:3
LH:0
BRF:0
BRH:0
end_of_record
TN:
SF:src\application\services\CurrencyConversionService.ts
FN:17,(anonymous_0)
FN:22,(anonymous_1)
FN:40,(anonymous_2)
FN:58,(anonymous_3)
FNF:4
FNH:0
FNDA:0,(anonymous_0)
FNDA:0,(anonymous_1)
FNDA:0,(anonymous_2)
FNDA:0,(anonymous_3)
DA:4,0
DA:16,0
DA:17,0
DA:26,0
DA:27,0
DA:29,0
DA:44,0
DA:45,0
DA:47,0
DA:69,0
DA:70,0
DA:71,0
DA:78,0
DA:79,0
DA:80,0
DA:89,0
LF:16
LH:0
BRDA:69,0,0,0
BRDA:69,0,1,0
BRDA:69,1,0,0
BRDA:69,1,1,0
BRDA:78,2,0,0
BRDA:78,3,0,0
BRDA:78,3,1,0
BRF:7
BRH:0
end_of_record
TN:
SF:src\application\services\index.ts
FNF:0
FNH:0
DA:1,0
LF:1
LH:0
BRF:0
BRH:0
end_of_record
TN:
SF:src\domain\entities\Transaction.ts
FN:40,(anonymous_0)
FN:43,(anonymous_1)
FN:46,(anonymous_2)
FN:49,(anonymous_3)
FN:52,(anonymous_4)
FN:55,(anonymous_5)
FN:58,(anonymous_6)
FN:61,(anonymous_7)
FN:64,(anonymous_8)
FN:67,(anonymous_9)
FN:70,(anonymous_10)
FN:73,(anonymous_11)
FN:76,(anonymous_12)
FN:79,(anonymous_13)
FN:82,(anonymous_14)
FN:85,(anonymous_15)
FN:88,(anonymous_16)
FN:91,(anonymous_17)
FN:94,(anonymous_18)
FN:99,(anonymous_19)
FN:104,(anonymous_20)
FN:108,(anonymous_21)
FN:112,(anonymous_22)
FN:116,(anonymous_23)
FN:120,(anonymous_24)
FN:124,(anonymous_25)
FN:128,(anonymous_26)
FN:133,(anonymous_27)
FN:137,(anonymous_28)
FN:141,(anonymous_29)
FN:146,(anonymous_30)
FN:155,(anonymous_31)
FN:162,(anonymous_32)
FN:167,(anonymous_33)
FN:172,(anonymous_34)
FN:176,(anonymous_35)
FN:181,(anonymous_36)
FN:189,(anonymous_37)
FN:197,(anonymous_38)
FN:220,(anonymous_39)
FNF:40
FNH:38
FNDA:38,(anonymous_0)
FNDA:1,(anonymous_1)
FNDA:1,(anonymous_2)
FNDA:3,(anonymous_3)
FNDA:1,(anonymous_4)
FNDA:7,(anonymous_5)
FNDA:1,(anonymous_6)
FNDA:2,(anonymous_7)
FNDA:2,(anonymous_8)
FNDA:2,(anonymous_9)
FNDA:2,(anonymous_10)
FNDA:1,(anonymous_11)
FNDA:2,(anonymous_12)
FNDA:2,(anonymous_13)
FNDA:4,(anonymous_14)
FNDA:3,(anonymous_15)
FNDA:0,(anonymous_16)
FNDA:0,(anonymous_17)
FNDA:4,(anonymous_18)
FNDA:7,(anonymous_19)
FNDA:2,(anonymous_20)
FNDA:2,(anonymous_21)
FNDA:2,(anonymous_22)
FNDA:2,(anonymous_23)
FNDA:1,(anonymous_24)
FNDA:1,(anonymous_25)
FNDA:9,(anonymous_26)
FNDA:4,(anonymous_27)
FNDA:3,(anonymous_28)
FNDA:3,(anonymous_29)
FNDA:13,(anonymous_30)
FNDA:3,(anonymous_31)
FNDA:3,(anonymous_32)
FNDA:3,(anonymous_33)
FNDA:2,(anonymous_34)
FNDA:2,(anonymous_35)
FNDA:2,(anonymous_36)
FNDA:3,(anonymous_37)
FNDA:4,(anonymous_38)
FNDA:1,(anonymous_39)
DA:3,3
DA:27,3
DA:39,3
DA:40,38
DA:44,1
DA:47,1
DA:50,3
DA:53,1
DA:56,7
DA:59,1
DA:62,2
DA:65,2
DA:68,2
DA:71,2
DA:74,1
DA:77,2
DA:80,2
DA:83,4
DA:86,3
DA:89,0
DA:92,0
DA:95,4
DA:100,7
DA:105,2
DA:109,2
DA:113,2
DA:117,2
DA:121,1
DA:125,1
DA:129,9
DA:134,4
DA:138,3
DA:142,3
DA:147,13
DA:148,13
DA:149,5
DA:151,8
DA:152,8
DA:156,3
DA:157,2
DA:158,1
DA:163,3
DA:164,2
DA:168,3
DA:169,2
DA:173,2
DA:177,2
DA:182,2
DA:186,2
DA:190,3
DA:191,2
DA:193,1
DA:194,1
DA:198,4
DA:221,1
LF:55
LH:53
BRDA:148,0,0,5
BRDA:157,1,0,1
BRDA:190,2,0,2
BRDA:207,3,0,4
BRDA:207,3,1,1
BRDA:209,4,0,4
BRDA:209,4,1,0
BRDA:216,5,0,4
BRDA:216,5,1,2
BRF:9
BRH:8
end_of_record
TN:
SF:src\domain\entities\User.ts
FN:22,(anonymous_0)
FN:25,(anonymous_1)
FN:28,(anonymous_2)
FN:31,(anonymous_3)
FN:34,(anonymous_4)
FN:37,(anonymous_5)
FN:40,(anonymous_6)
FN:43,(anonymous_7)
FN:46,(anonymous_8)
FN:49,(anonymous_9)
FN:52,(anonymous_10)
FN:55,(anonymous_11)
FN:58,(anonymous_12)
FN:63,(anonymous_13)
FN:67,(anonymous_14)
FN:71,(anonymous_15)
FN:76,(anonymous_16)
FN:91,(anonymous_17)
FN:96,(anonymous_18)
FN:102,(anonymous_19)
FN:108,(anonymous_20)
FN:116,(anonymous_21)
FN:121,(anonymous_22)
FN:126,(anonymous_23)
FN:132,(anonymous_24)
FN:148,(anonymous_25)
FN:161,(anonymous_26)
FNF:27
FNH:27
FNDA:35,(anonymous_0)
FNDA:1,(anonymous_1)
FNDA:1,(anonymous_2)
FNDA:3,(anonymous_3)
FNDA:1,(anonymous_4)
FNDA:5,(anonymous_5)
FNDA:1,(anonymous_6)
FNDA:2,(anonymous_7)
FNDA:2,(anonymous_8)
FNDA:3,(anonymous_9)
FNDA:3,(anonymous_10)
FNDA:1,(anonymous_11)
FNDA:3,(anonymous_12)
FNDA:4,(anonymous_13)
FNDA:3,(anonymous_14)
FNDA:2,(anonymous_15)
FNDA:5,(anonymous_16)
FNDA:1,(anonymous_17)
FNDA:2,(anonymous_18)
FNDA:1,(anonymous_19)
FNDA:3,(anonymous_20)
FNDA:1,(anonymous_21)
FNDA:1,(anonymous_22)
FNDA:1,(anonymous_23)
FNDA:6,(anonymous_24)
FNDA:2,(anonymous_25)
FNDA:1,(anonymous_26)
DA:21,3
DA:22,35
DA:26,1
DA:29,1
DA:32,3
DA:35,1
DA:38,5
DA:41,1
DA:44,2
DA:47,2
DA:50,3
DA:53,3
DA:56,1
DA:59,3
DA:64,4
DA:68,3
DA:72,2
DA:77,5
DA:79,1
DA:81,2
DA:83,1
DA:85,1
DA:87,0
DA:92,1
DA:97,2
DA:98,2
DA:99,2
DA:103,1
DA:104,1
DA:105,1
DA:109,3
DA:110,1
DA:112,2
DA:117,1
DA:118,1
DA:122,1
DA:123,1
DA:127,1
DA:128,1
DA:133,6
DA:134,6
DA:135,6
DA:137,6
DA:138,2
DA:141,4
DA:142,4
DA:143,2
DA:145,4
DA:149,2
DA:162,1
LF:50
LH:49
BRDA:68,0,0,3
BRDA:68,0,1,2
BRDA:77,1,0,1
BRDA:77,1,1,2
BRDA:77,1,2,1
BRDA:77,1,3,1
BRDA:77,1,4,0
BRDA:109,2,0,1
BRDA:109,3,0,3
BRDA:109,3,1,2
BRDA:137,4,0,2
BRDA:142,5,0,2
BRF:12
BRH:11
end_of_record
TN:
SF:src\domain\entities\Wallet.ts
FN:27,(anonymous_1)
FN:32,(anonymous_2)
FN:35,(anonymous_3)
FN:38,(anonymous_4)
FN:41,(anonymous_5)
FN:44,(anonymous_6)
FN:47,(anonymous_7)
FN:50,(anonymous_8)
FN:53,(anonymous_9)
FN:56,(anonymous_10)
FN:59,(anonymous_11)
FN:64,(anonymous_12)
FN:69,(anonymous_13)
FN:73,(anonymous_14)
FN:77,(anonymous_15)
FN:81,(anonymous_16)
FN:85,(anonymous_17)
FN:89,(anonymous_18)
FN:93,(anonymous_19)
FN:98,(anonymous_20)
FN:104,(anonymous_21)
FN:112,(anonymous_22)
FN:122,(anonymous_23)
FN:131,(anonymous_24)
FN:138,(anonymous_25)
FN:146,(anonymous_26)
FN:154,(anonymous_27)
FN:162,(anonymous_28)
FN:171,(anonymous_29)
FN:175,(anonymous_30)
FN:188,(anonymous_31)
FNF:31
FNH:31
FNDA:51,(anonymous_1)
FNDA:1,(anonymous_2)
FNDA:1,(anonymous_3)
FNDA:1,(anonymous_4)
FNDA:1,(anonymous_5)
FNDA:2,(anonymous_6)
FNDA:2,(anonymous_7)
FNDA:5,(anonymous_8)
FNDA:8,(anonymous_9)
FNDA:1,(anonymous_10)
FNDA:5,(anonymous_11)
FNDA:1,(anonymous_12)
FNDA:27,(anonymous_13)
FNDA:5,(anonymous_14)
FNDA:2,(anonymous_15)
FNDA:2,(anonymous_16)
FNDA:19,(anonymous_17)
FNDA:4,(anonymous_18)
FNDA:4,(anonymous_19)
FNDA:11,(anonymous_20)
FNDA:7,(anonymous_21)
FNDA:4,(anonymous_22)
FNDA:4,(anonymous_23)
FNDA:3,(anonymous_24)
FNDA:3,(anonymous_25)
FNDA:3,(anonymous_26)
FNDA:2,(anonymous_27)
FNDA:2,(anonymous_28)
FNDA:1,(anonymous_29)
FNDA:2,(anonymous_30)
FNDA:1,(anonymous_31)
DA:1,3
DA:3,3
DA:4,3
DA:5,3
DA:6,3
DA:24,3
DA:27,51
DA:28,51
DA:33,1
DA:36,1
DA:39,1
DA:42,1
DA:45,2
DA:48,2
DA:51,5
DA:54,8
DA:57,1
DA:60,5
DA:65,1
DA:70,27
DA:74,5
DA:78,2
DA:82,2
DA:86,19
DA:90,4
DA:94,4
DA:99,11
DA:100,5
DA:105,7
DA:106,5
DA:107,2
DA:113,4
DA:114,1
DA:116,3
DA:117,3
DA:118,3
DA:119,3
DA:123,4
DA:124,2
DA:125,2
DA:126,2
DA:127,2
DA:132,3
DA:133,3
DA:134,3
DA:139,3
DA:140,2
DA:142,1
DA:143,1
DA:147,3
DA:148,2
DA:150,1
DA:151,1
DA:155,2
DA:156,1
DA:158,1
DA:159,1
DA:163,2
DA:164,1
DA:166,1
DA:167,1
DA:172,1
DA:176,2
DA:189,1
LF:64
LH:64
BRDA:90,0,0,4
BRDA:90,0,1,3
BRDA:94,1,0,4
BRDA:94,1,1,3
BRDA:99,2,0,5
BRDA:106,3,0,2
BRDA:113,4,0,1
BRDA:139,5,0,2
BRDA:147,6,0,2
BRDA:155,7,0,1
BRDA:163,8,0,1
BRF:11
BRH:11
end_of_record
TN:
SF:src\domain\entities\index.ts
FNF:0
FNH:0
DA:1,0
DA:2,0
DA:3,0
LF:3
LH:0
BRF:0
BRH:0
end_of_record
TN:
SF:src\domain\errors\DomainError.ts
FN:8,(anonymous_0)
FN:16,(anonymous_1)
FNF:2
FNH:2
FNDA:33,(anonymous_0)
FNDA:4,(anonymous_1)
DA:4,4
DA:9,33
DA:10,33
DA:11,33
DA:12,33
DA:13,33
DA:17,4
LF:7
LH:7
BRF:0
BRH:0
end_of_record
TN:
SF:src\domain\errors\InsufficientFundsError.ts
FN:9,(anonymous_0)
FN:19,(anonymous_1)
FNF:2
FNH:2
FNDA:8,(anonymous_0)
FNDA:1,(anonymous_1)
DA:2,4
DA:4,4
DA:10,8
DA:14,8
DA:15,8
DA:16,8
DA:20,1
LF:7
LH:7
BRF:0
BRH:0
end_of_record
TN:
SF:src\domain\errors\InvalidTransactionStateError.ts
FN:9,(anonymous_0)
FN:19,(anonymous_1)
FNF:2
FNH:2
FNDA:8,(anonymous_0)
FNDA:1,(anonymous_1)
DA:2,4
DA:4,4
DA:10,8
DA:14,8
DA:15,8
DA:16,8
DA:20,1
LF:7
LH:7
BRF:0
BRH:0
end_of_record
TN:
SF:src\domain\errors\LedgerImbalanceError.ts
FN:8,(anonymous_0)
FN:17,(anonymous_1)
FNF:2
FNH:2
FNDA:4,(anonymous_0)
FNDA:1,(anonymous_1)
DA:2,1
DA:4,1
DA:9,4
DA:13,4
DA:14,4
DA:18,1
LF:6
LH:6
BRF:0
BRH:0
end_of_record
TN:
SF:src\domain\errors\TransactionNotFoundError.ts
FN:7,(anonymous_0)
FN:16,(anonymous_1)
FNF:2
FNH:1
FNDA:1,(anonymous_0)
FNDA:0,(anonymous_1)
DA:1,1
DA:3,1
DA:8,1
DA:12,1
DA:13,1
DA:17,0
LF:6
LH:5
BRDA:7,0,0,1
BRF:1
BRH:1
end_of_record
TN:
SF:src\domain\errors\UserNotFoundError.ts
FN:7,(anonymous_0)
FN:16,(anonymous_1)
FNF:2
FNH:1
FNDA:1,(anonymous_0)
FNDA:0,(anonymous_1)
DA:1,1
DA:3,1
DA:8,1
DA:12,1
DA:13,1
DA:17,0
LF:6
LH:5
BRDA:7,0,0,1
BRF:1
BRH:1
end_of_record
TN:
SF:src\domain\errors\WalletFrozenError.ts
FN:8,(anonymous_0)
FN:17,(anonymous_1)
FNF:2
FNH:2
FNDA:10,(anonymous_0)
FNDA:1,(anonymous_1)
DA:2,4
DA:4,4
DA:9,10
DA:13,10
DA:14,10
DA:18,1
LF:6
LH:6
BRF:0
BRH:0
end_of_record
TN:
SF:src\domain\errors\WalletNotFoundError.ts
FN:7,(anonymous_0)
FN:16,(anonymous_1)
FNF:2
FNH:1
FNDA:1,(anonymous_0)
FNDA:0,(anonymous_1)
DA:1,1
DA:3,1
DA:8,1
DA:12,1
DA:13,1
DA:17,0
LF:6
LH:5
BRDA:7,0,0,1
BRF:1
BRH:1
end_of_record
TN:
SF:src\domain\errors\index.ts
FNF:0
FNH:0
DA:1,0
DA:2,0
DA:3,0
DA:4,0
DA:5,0
DA:6,0
DA:7,0
DA:8,0
LF:8
LH:0
BRF:0
BRH:0
end_of_record
TN:
SF:src\domain\ports\repositories\index.ts
FNF:0
FNH:0
DA:1,0
DA:2,0
DA:3,0
DA:4,0
LF:4
LH:0
BRF:0
BRH:0
end_of_record
TN:
SF:src\domain\services\LedgerService.ts
FN:36,(anonymous_1)
FN:37,(anonymous_2)
FN:53,(anonymous_3)
FN:100,(anonymous_4)
FN:147,(anonymous_5)
FN:179,(anonymous_6)
FN:216,(anonymous_7)
FN:246,(anonymous_8)
FN:276,(anonymous_9)
FN:280,(anonymous_10)
FNF:10
FNH:0
FNDA:0,(anonymous_1)
FNDA:0,(anonymous_2)
FNDA:0,(anonymous_3)
FNDA:0,(anonymous_4)
FNDA:0,(anonymous_5)
FNDA:0,(anonymous_6)
FNDA:0,(anonymous_7)
FNDA:0,(anonymous_8)
FNDA:0,(anonymous_9)
FNDA:0,(anonymous_10)
DA:1,0
DA:3,0
DA:31,0
DA:37,0
DA:46,0
DA:47,0
DA:60,0
DA:62,0
DA:107,0
DA:109,0
DA:155,0
DA:185,0
DA:222,0
DA:252,0
DA:280,0
DA:282,0
DA:283,0
LF:17
LH:0
BRDA:42,0,0,0
BRDA:42,0,1,0
BRDA:282,1,0,0
BRF:3
BRH:0
end_of_record
TN:
SF:src\domain\services\index.ts
FNF:0
FNH:0
DA:1,0
LF:1
LH:0
BRF:0
BRH:0
end_of_record
TN:
SF:src\domain\value-objects\ExchangeRate.ts
FN:8,(anonymous_1)
FN:21,(anonymous_2)
FN:45,(anonymous_3)
FN:52,(anonymous_4)
FN:59,(anonymous_5)
FN:68,(anonymous_6)
FN:76,(anonymous_7)
FN:80,(anonymous_8)
FNF:8
FNH:8
FNDA:26,(anonymous_1)
FNDA:28,(anonymous_2)
FNDA:5,(anonymous_3)
FNDA:4,(anonymous_4)
FNDA:4,(anonymous_5)
FNDA:2,(anonymous_6)
FNDA:3,(anonymous_7)
FNDA:2,(anonymous_8)
DA:1,4
DA:7,4
DA:9,26
DA:10,26
DA:11,26
DA:12,26
DA:13,26
DA:15,26
DA:27,28
DA:29,28
DA:30,2
DA:33,26
DA:46,5
DA:53,4
DA:60,4
DA:61,4
DA:62,4
DA:69,2
DA:70,2
DA:77,3
DA:81,2
LF:21
LH:21
BRDA:29,0,0,2
BRDA:37,1,0,26
BRDA:37,1,1,20
BRF:3
BRH:3
end_of_record
TN:
SF:src\domain\value-objects\Money.ts
FN:9,(anonymous_1)
FN:21,(anonymous_2)
FN:36,(anonymous_3)
FN:51,(anonymous_4)
FN:58,(anonymous_5)
FN:72,(anonymous_6)
FN:83,(anonymous_7)
FN:94,(anonymous_8)
FN:98,(anonymous_9)
FN:102,(anonymous_10)
FN:106,(anonymous_11)
FN:110,(anonymous_12)
FN:114,(anonymous_13)
FN:118,(anonymous_14)
FN:122,(anonymous_15)
FN:126,(anonymous_16)
FN:133,(anonymous_17)
FN:146,(anonymous_18)
FN:150,(anonymous_19)
FNF:19
FNH:19
FNDA:48,(anonymous_1)
FNDA:45,(anonymous_2)
FNDA:3,(anonymous_3)
FNDA:3,(anonymous_4)
FNDA:3,(anonymous_5)
FNDA:2,(anonymous_6)
FNDA:5,(anonymous_7)
FNDA:2,(anonymous_8)
FNDA:3,(anonymous_9)
FNDA:4,(anonymous_10)
FNDA:4,(anonymous_11)
FNDA:3,(anonymous_12)
FNDA:3,(anonymous_13)
FNDA:3,(anonymous_14)
FNDA:3,(anonymous_15)
FNDA:2,(anonymous_16)
FNDA:3,(anonymous_17)
FNDA:1,(anonymous_18)
FNDA:2,(anonymous_19)
DA:1,4
DA:8,4
DA:10,48
DA:11,48
DA:12,48
DA:13,48
DA:15,48
DA:26,45
DA:27,45
DA:28,45
DA:30,45
DA:41,3
DA:42,3
DA:43,3
DA:45,3
DA:52,3
DA:59,3
DA:60,1
DA:62,2
DA:73,2
DA:84,5
DA:95,2
DA:99,3
DA:103,4
DA:107,4
DA:111,3
DA:115,3
DA:119,3
DA:123,3
DA:127,2
DA:134,3
DA:139,3
DA:140,3
DA:147,1
DA:151,2
LF:35
LH:35
BRDA:51,0,0,2
BRDA:59,1,0,1
BRDA:139,2,0,3
BRDA:139,2,1,0
BRF:4
BRH:3
end_of_record
TN:
SF:src\domain\value-objects\WalletAddress.ts
FN:7,(anonymous_0)
FN:17,(anonymous_1)
FN:30,(anonymous_2)
FN:37,(anonymous_3)
FN:58,(anonymous_4)
FN:66,(anonymous_5)
FN:74,(anonymous_6)
FN:87,(anonymous_7)
FN:91,(anonymous_8)
FN:95,(anonymous_9)
FNF:10
FNH:10
FNDA:36,(anonymous_0)
FNDA:36,(anonymous_1)
FNDA:4,(anonymous_2)
FNDA:40,(anonymous_3)
FNDA:6,(anonymous_4)
FNDA:2,(anonymous_5)
FNDA:6,(anonymous_6)
FNDA:4,(anonymous_7)
FNDA:1,(anonymous_8)
FNDA:1,(anonymous_9)
DA:6,4
DA:8,36
DA:9,36
DA:11,36
DA:18,36
DA:20,36
DA:21,4
DA:24,32
DA:31,4
DA:39,40
DA:48,40
DA:49,40
DA:52,0
DA:59,6
DA:60,6
DA:67,2
DA:68,1
DA:75,6
DA:84,6
DA:88,4
DA:92,1
DA:96,1
LF:22
LH:21
BRDA:20,0,0,4
BRDA:48,1,0,40
BRDA:67,2,0,1
BRDA:88,3,0,4
BRDA:88,3,1,3
BRF:5
BRH:5
end_of_record
TN:
SF:src\domain\value-objects\index.ts
FNF:0
FNH:0
DA:1,0
DA:2,0
DA:3,0
LF:3
LH:0
BRF:0
BRH:0
end_of_record
TN:
SF:src\infrastructure\adapters\circle\CircleWalletAdapter.ts
FN:28,(anonymous_0)
FN:39,(anonymous_1)
FN:77,(anonymous_2)
FN:108,(anonymous_3)
FN:114,(anonymous_4)
FN:123,(anonymous_5)
FN:155,(anonymous_6)
FN:170,(anonymous_7)
FN:185,(anonymous_8)
FNF:9
FNH:0
FNDA:0,(anonymous_0)
FNDA:0,(anonymous_1)
FNDA:0,(anonymous_2)
FNDA:0,(anonymous_3)
FNDA:0,(anonymous_4)
FNDA:0,(anonymous_5)
FNDA:0,(anonymous_6)
FNDA:0,(anonymous_7)
FNDA:0,(anonymous_8)
DA:3,0
DA:4,0
DA:5,0
DA:9,0
DA:21,0
DA:29,0
DA:33,0
DA:34,0
DA:35,0
DA:36,0
DA:45,0
DA:46,0
DA:53,0
DA:54,0
DA:55,0
DA:61,0
DA:67,0
DA:68,0
DA:69,0
DA:70,0
DA:73,0
DA:74,0
DA:78,0
DA:80,0
DA:93,0
DA:94,0
DA:95,0
DA:98,0
DA:100,0
DA:109,0
DA:114,0
DA:116,0
DA:124,0
DA:141,0
DA:143,0
DA:148,0
DA:156,0
DA:161,0
DA:163,0
DA:171,0
DA:182,0
DA:186,0
DA:190,0
DA:195,0
DA:200,0
LF:45
LH:0
BRDA:30,0,0,0
BRDA:30,0,1,0
BRDA:43,1,0,0
BRDA:53,2,0,0
BRDA:53,2,1,0
BRDA:54,3,0,0
BRDA:54,4,0,0
BRDA:54,4,1,0
BRDA:54,4,2,0
BRDA:64,5,0,0
BRDA:64,5,1,0
BRDA:67,6,0,0
BRDA:94,7,0,0
BRDA:104,8,0,0
BRDA:104,8,1,0
BRDA:117,9,0,0
BRDA:117,9,1,0
BRDA:118,10,0,0
BRDA:118,10,1,0
BRDA:119,11,0,0
BRDA:119,11,1,0
BRDA:149,12,0,0
BRDA:149,12,1,0
BRDA:164,13,0,0
BRDA:164,13,1,0
BRDA:182,14,0,0
BRDA:182,14,1,0
BRDA:186,15,0,0
BRDA:186,15,1,0
BRDA:186,15,2,0
BRDA:186,15,3,0
BRDA:186,15,4,0
BRDA:186,15,5,0
BRDA:186,15,6,0
BRDA:186,15,7,0
BRDA:186,15,8,0
BRDA:186,15,9,0
BRDA:186,15,10,0
BRF:38
BRH:0
end_of_record
TN:
SF:src\infrastructure\adapters\circle\index.ts
FNF:0
FNH:0
DA:1,0
DA:2,0
LF:2
LH:0
BRF:0
BRH:0
end_of_record
TN:
SF:src\infrastructure\adapters\exchange\CachedExchangeRateAdapter.ts
FN:16,(anonymous_1)
FN:23,(anonymous_2)
FN:40,(anonymous_3)
FN:66,(anonymous_4)
FN:89,(anonymous_5)
FNF:5
FNH:0
FNDA:0,(anonymous_1)
FNDA:0,(anonymous_2)
FNDA:0,(anonymous_3)
FNDA:0,(anonymous_4)
FNDA:0,(anonymous_5)
DA:1,0
DA:7,0
DA:8,0
DA:13,0
DA:17,0
DA:18,0
DA:20,0
DA:25,0
DA:26,0
DA:27,0
DA:28,0
DA:32,0
DA:35,0
DA:37,0
DA:41,0
DA:42,0
DA:45,0
DA:46,0
DA:47,0
DA:48,0
DA:50,0
DA:55,0
DA:56,0
DA:57,0
DA:58,0
DA:59,0
DA:63,0
DA:67,0
DA:69,0
DA:78,0
DA:80,0
DA:90,0
DA:92,0
DA:93,0
DA:105,0
LF:35
LH:0
BRDA:26,0,0,0
BRDA:47,1,0,0
BRDA:47,1,1,0
BRDA:55,2,0,0
BRDA:78,3,0,0
BRF:5
BRH:0
end_of_record
TN:
SF:src\infrastructure\adapters\exchange\CoingeckoAdapter.ts
FN:30,(anonymous_1)
FN:39,(anonymous_2)
FN:50,(anonymous_3)
FN:51,(anonymous_4)
FNF:4
FNH:0
FNDA:0,(anonymous_1)
FNDA:0,(anonymous_2)
FNDA:0,(anonymous_3)
FNDA:0,(anonymous_4)
DA:1,0
DA:2,0
DA:8,0
DA:9,0
DA:12,0
DA:27,0
DA:31,0
DA:40,0
DA:41,0
DA:43,0
DA:44,0
DA:47,0
DA:51,0
DA:53,0
DA:54,0
DA:61,0
DA:62,0
DA:63,0
DA:65,0
DA:66,0
DA:67,0
DA:69,0
DA:70,0
DA:82,0
DA:83,0
DA:84,0
DA:85,0
DA:86,0
DA:96,0
DA:98,0
DA:100,0
DA:101,0
LF:32
LH:0
BRDA:33,0,0,0
BRDA:33,0,1,0
BRDA:43,1,0,0
BRDA:69,2,0,0
BRDA:82,3,0,0
BRDA:82,4,0,0
BRDA:82,4,1,0
BRDA:84,5,0,0
BRF:8
BRH:0
end_of_record
TN:
SF:src\infrastructure\adapters\exchange\index.ts
FNF:0
FNH:0
DA:1,0
DA:2,0
LF:2
LH:0
BRF:0
BRH:0
end_of_record
TN:
SF:src\infrastructure\adapters\momo\MomoOnRampAdapter.ts
FN:37,(anonymous_1)
FN:52,(anonymous_2)
FN:78,(anonymous_3)
FN:118,(anonymous_4)
FN:137,(anonymous_5)
FN:176,(anonymous_6)
FN:195,(anonymous_7)
FN:202,(anonymous_8)
FNF:8
FNH:0
FNDA:0,(anonymous_1)
FNDA:0,(anonymous_2)
FNDA:0,(anonymous_3)
FNDA:0,(anonymous_4)
FNDA:0,(anonymous_5)
FNDA:0,(anonymous_6)
FNDA:0,(anonymous_7)
FNDA:0,(anonymous_8)
DA:1,0
DA:2,0
DA:11,0
DA:12,0
DA:30,0
DA:31,0
DA:34,0
DA:35,0
DA:39,0
DA:43,0
DA:54,0
DA:55,0
DA:58,0
DA:62,0
DA:72,0
DA:73,0
DA:75,0
DA:79,0
DA:80,0
DA:82,0
DA:83,0
DA:106,0
DA:108,0
DA:113,0
DA:114,0
DA:119,0
DA:121,0
DA:131,0
DA:138,0
DA:139,0
DA:141,0
DA:142,0
DA:164,0
DA:166,0
DA:171,0
DA:172,0
DA:177,0
DA:179,0
DA:189,0
DA:198,0
DA:199,0
DA:205,0
DA:207,0
DA:209,0
DA:211,0
LF:45
LH:0
BRDA:39,0,0,0
BRDA:39,0,1,0
BRDA:47,1,0,0
BRDA:47,1,1,0
BRDA:54,2,0,0
BRDA:54,3,0,0
BRDA:54,3,1,0
BRDA:54,3,2,0
BRDA:87,4,0,0
BRDA:87,4,1,0
BRDA:146,5,0,0
BRDA:146,5,1,0
BRDA:205,6,0,0
BRDA:205,6,1,0
BRDA:205,6,2,0
BRF:15
BRH:0
end_of_record
TN:
SF:src\infrastructure\adapters\momo\index.ts
FNF:0
FNH:0
DA:1,0
LF:1
LH:0
BRF:0
BRH:0
end_of_record
TN:
SF:src\infrastructure\http\swagger.ts
FNF:0
FNH:0
DA:1,0
DA:3,0
DA:364,0
LF:3
LH:0
BRF:0
BRH:0
end_of_record
TN:
SF:src\infrastructure\http\controllers\AuthController.ts
FN:79,(anonymous_1)
FN:85,(anonymous_2)
FN:164,(anonymous_3)
FN:225,(anonymous_4)
FN:277,(anonymous_5)
FN:357,(anonymous_6)
FN:404,(anonymous_7)
FN:445,(anonymous_8)
FNF:8
FNH:0
FNDA:0,(anonymous_1)
FNDA:0,(anonymous_2)
FNDA:0,(anonymous_3)
FNDA:0,(anonymous_4)
FNDA:0,(anonymous_5)
FNDA:0,(anonymous_6)
FNDA:0,(anonymous_7)
FNDA:0,(anonymous_8)
DA:2,0
DA:3,0
DA:4,0
DA:5,0
DA:8,0
DA:9,0
DA:12,0
DA:14,0
DA:21,0
DA:26,0
DA:30,0
DA:35,0
DA:39,0
DA:67,0
DA:68,0
DA:78,0
DA:79,0
DA:85,0
DA:90,0
DA:91,0
DA:94,0
DA:95,0
DA:96,0
DA:104,0
DA:108,0
DA:109,0
DA:110,0
DA:111,0
DA:119,0
DA:124,0
DA:127,0
DA:134,0
DA:135,0
DA:136,0
DA:140,0
DA:141,0
DA:143,0
DA:145,0
DA:156,0
DA:164,0
DA:169,0
DA:170,0
DA:173,0
DA:174,0
DA:175,0
DA:183,0
DA:187,0
DA:188,0
DA:189,0
DA:197,0
DA:201,0
DA:202,0
DA:204,0
DA:206,0
DA:217,0
DA:225,0
DA:230,0
DA:231,0
DA:233,0
DA:234,0
DA:235,0
DA:243,0
DA:247,0
DA:248,0
DA:249,0
DA:252,0
DA:253,0
DA:256,0
DA:258,0
DA:269,0
DA:277,0
DA:282,0
DA:283,0
DA:285,0
DA:286,0
DA:287,0
DA:295,0
DA:299,0
DA:300,0
DA:308,0
DA:312,0
DA:313,0
DA:314,0
DA:322,0
DA:326,0
DA:327,0
DA:328,0
DA:330,0
DA:333,0
DA:334,0
DA:336,0
DA:338,0
DA:349,0
DA:357,0
DA:362,0
DA:363,0
DA:366,0
DA:369,0
DA:370,0
DA:371,0
DA:379,0
DA:383,0
DA:384,0
DA:386,0
DA:396,0
DA:404,0
DA:409,0
DA:410,0
DA:412,0
DA:413,0
DA:414,0
DA:422,0
DA:425,0
DA:437,0
DA:445,0
DA:450,0
DA:451,0
DA:452,0
DA:454,0
DA:455,0
DA:456,0
DA:464,0
DA:468,0
DA:469,0
DA:470,0
DA:471,0
DA:479,0
DA:481,0
DA:485,0
DA:486,0
DA:490,0
DA:491,0
DA:494,0
DA:496,0
DA:498,0
DA:506,0
LF:136
LH:0
BRDA:95,0,0,0
BRDA:108,1,0,0
BRDA:110,2,0,0
BRDA:134,3,0,0
BRDA:140,4,0,0
BRDA:140,4,1,0
BRDA:174,5,0,0
BRDA:188,6,0,0
BRDA:201,7,0,0
BRDA:201,7,1,0
BRDA:234,8,0,0
BRDA:256,9,0,0
BRDA:256,9,1,0
BRDA:264,10,0,0
BRDA:264,10,1,0
BRDA:286,11,0,0
BRDA:299,12,0,0
BRDA:313,13,0,0
BRDA:327,14,0,0
BRDA:333,15,0,0
BRDA:333,15,1,0
BRDA:370,16,0,0
BRDA:383,17,0,0
BRDA:383,17,1,0
BRDA:413,18,0,0
BRDA:455,19,0,0
BRDA:468,20,0,0
BRDA:468,21,0,0
BRDA:468,21,1,0
BRDA:470,22,0,0
BRDA:470,23,0,0
BRDA:470,23,1,0
BRDA:485,24,0,0
BRDA:490,25,0,0
BRF:34
BRH:0
end_of_record
TN:
SF:src\infrastructure\http\controllers\ExchangeRateController.ts
FN:11,(anonymous_0)
FN:22,(anonymous_1)
FN:27,(anonymous_2)
FN:52,(anonymous_3)
FNF:4
FNH:0
FNDA:0,(anonymous_0)
FNDA:0,(anonymous_1)
FNDA:0,(anonymous_2)
FNDA:0,(anonymous_3)
DA:2,0
DA:3,0
DA:8,0
DA:11,0
DA:15,0
DA:21,0
DA:23,0
DA:24,0
DA:27,0
DA:32,0
DA:34,0
DA:35,0
DA:37,0
DA:39,0
DA:48,0
DA:52,0
DA:57,0
DA:58,0
DA:60,0
DA:66,0
DA:75,0
LF:21
LH:0
BRDA:34,0,0,0
BRDA:34,0,1,0
BRF:2
BRH:0
end_of_record
TN:
SF:src\infrastructure\http\controllers\HealthController.ts
FN:17,(anonymous_0)
FN:19,(anonymous_1)
FN:51,(anonymous_2)
FN:63,(anonymous_3)
FNF:4
FNH:0
FNDA:0,(anonymous_0)
FNDA:0,(anonymous_1)
FNDA:0,(anonymous_2)
FNDA:0,(anonymous_3)
DA:14,0
DA:15,0
DA:17,0
DA:19,0
DA:23,0
DA:25,0
DA:26,0
DA:27,0
DA:29,0
DA:32,0
DA:34,0
DA:51,0
DA:53,0
DA:63,0
DA:65,0
LF:15
LH:0
BRDA:34,0,0,0
BRDA:34,0,1,0
BRDA:37,1,0,0
BRDA:37,1,1,0
BRDA:38,2,0,0
BRDA:38,2,1,0
BRF:6
BRH:0
end_of_record
TN:
SF:src\infrastructure\http\controllers\WalletController.ts
FN:36,(anonymous_0)
FN:50,(anonymous_1)
FN:59,(anonymous_2)
FN:84,(anonymous_3)
FN:109,(anonymous_4)
FN:136,(anonymous_5)
FN:163,(anonymous_6)
FN:192,(anonymous_7)
FNF:8
FNH:8
FNDA:4,(anonymous_0)
FNDA:20,(anonymous_1)
FNDA:4,(anonymous_2)
FNDA:2,(anonymous_3)
FNDA:4,(anonymous_4)
FNDA:1,(anonymous_5)
FNDA:4,(anonymous_6)
FNDA:5,(anonymous_7)
DA:2,1
DA:3,1
DA:13,1
DA:17,1
DA:23,1
DA:29,1
DA:36,4
DA:40,1
DA:49,1
DA:51,20
DA:52,20
DA:53,20
DA:54,20
DA:55,20
DA:56,20
DA:59,20
DA:64,4
DA:65,4
DA:66,3
DA:71,2
DA:80,2
DA:84,20
DA:89,2
DA:90,2
DA:91,2
DA:96,2
DA:105,0
DA:109,20
DA:114,4
DA:115,4
DA:116,1
DA:123,1
DA:132,3
DA:136,20
DA:141,1
DA:142,1
DA:143,1
DA:150,1
DA:159,0
DA:163,20
DA:168,4
DA:169,4
DA:170,2
DA:179,2
DA:188,2
DA:192,20
DA:197,5
DA:198,5
DA:199,4
DA:209,4
DA:218,1
LF:51
LH:49
BRDA:36,0,0,4
BRDA:36,0,1,2
BRDA:203,1,0,1
BRDA:203,1,1,3
BRDA:204,2,0,1
BRDA:204,2,1,3
BRF:6
BRH:6
end_of_record
TN:
SF:src\infrastructure\http\controllers\index.ts
FNF:0
FNH:0
DA:1,0
DA:2,0
DA:3,0
DA:4,0
DA:5,0
LF:5
LH:0
BRF:0
BRH:0
end_of_record
TN:
SF:src\infrastructure\http\middleware\auth.ts
FN:22,authMiddleware
FN:112,generateToken
FN:118,generateRefreshToken
FN:124,verifyRefreshToken
FNF:4
FNH:0
FNDA:0,authMiddleware
FNDA:0,generateToken
FNDA:0,generateRefreshToken
FNDA:0,verifyRefreshToken
DA:2,0
DA:4,0
DA:22,0
DA:27,0
DA:29,0
DA:30,0
DA:41,0
DA:44,0
DA:46,0
DA:47,0
DA:49,0
DA:50,0
DA:61,0
DA:64,0
DA:65,0
DA:66,0
DA:68,0
DA:69,0
DA:80,0
DA:83,0
DA:84,0
DA:95,0
DA:98,0
DA:112,0
DA:113,0
DA:118,0
DA:119,0
DA:124,0
DA:125,0
DA:126,0
DA:127,0
DA:129,0
LF:32
LH:0
BRDA:29,0,0,0
BRDA:29,1,0,0
BRDA:29,1,1,0
BRDA:49,2,0,0
BRDA:68,3,0,0
BRDA:83,4,0,0
BRDA:126,5,0,0
BRF:7
BRH:0
end_of_record
TN:
SF:src\infrastructure\http\middleware\errorHandler.ts
FN:7,errorHandler
FNF:1
FNH:0
FNDA:0,errorHandler
DA:2,0
DA:3,0
DA:4,0
DA:7,0
DA:13,0
DA:16,0
DA:28,0
DA:29,0
DA:39,0
DA:50,0
DA:54,0
DA:55,0
DA:67,0
DA:71,0
LF:14
LH:0
BRDA:13,0,0,0
BRDA:13,0,1,0
BRDA:28,1,0,0
BRDA:39,2,0,0
BRDA:39,2,1,0
BRDA:54,3,0,0
BRF:6
BRH:0
end_of_record
TN:
SF:src\infrastructure\http\middleware\index.ts
FNF:0
FNH:0
DA:1,0
DA:2,0
DA:3,0
LF:3
LH:0
BRF:0
BRH:0
end_of_record
TN:
SF:src\infrastructure\http\middleware\requestLogger.ts
FN:5,requestLogger
FN:26,(anonymous_1)
FNF:2
FNH:0
FNDA:0,requestLogger
FNDA:0,(anonymous_1)
DA:2,0
DA:3,0
DA:5,0
DA:7,0
DA:8,0
DA:9,0
DA:11,0
DA:14,0
DA:26,0
DA:27,0
DA:28,0
DA:40,0
LF:12
LH:0
BRDA:7,0,0,0
BRDA:7,0,1,0
BRF:2
BRH:0
end_of_record
TN:
SF:src\infrastructure\http\routes\index.ts
FN:37,createRouter
FNF:1
FNH:0
FNDA:0,createRouter
DA:1,0
DA:5,0
DA:8,0
DA:9,0
DA:10,0
DA:11,0
DA:12,0
DA:15,0
DA:16,0
DA:17,0
DA:18,0
DA:19,0
DA:20,0
DA:21,0
DA:22,0
DA:23,0
DA:26,0
DA:27,0
DA:28,0
DA:29,0
DA:32,0
DA:33,0
DA:34,0
DA:35,0
DA:37,0
DA:38,0
DA:41,0
DA:42,0
DA:43,0
DA:44,0
DA:47,0
DA:48,0
DA:49,0
DA:50,0
DA:53,0
DA:54,0
DA:55,0
DA:56,0
DA:57,0
DA:58,0
DA:59,0
DA:60,0
DA:61,0
DA:64,0
DA:65,0
DA:66,0
DA:67,0
DA:68,0
DA:71,0
DA:72,0
DA:73,0
DA:76,0
DA:77,0
DA:78,0
DA:79,0
DA:80,0
DA:83,0
DA:84,0
DA:87,0
DA:88,0
DA:91,0
DA:92,0
DA:95,0
DA:96,0
DA:97,0
DA:98,0
DA:99,0
DA:100,0
DA:102,0
LF:69
LH:0
BRF:0
BRH:0
end_of_record
TN:
SF:src\infrastructure\persistence\prisma\client.ts
FN:5,(anonymous_0)
FN:31,(anonymous_1)
FN:36,(anonymous_2)
FN:40,connectDatabase
FN:50,disconnectDatabase
FNF:5
FNH:0
FNDA:0,(anonymous_0)
FNDA:0,(anonymous_1)
FNDA:0,(anonymous_2)
FNDA:0,connectDatabase
FNDA:0,disconnectDatabase
DA:1,0
DA:2,0
DA:3,0
DA:5,0
DA:6,0
DA:23,0
DA:25,0
DA:26,0
DA:30,0
DA:31,0
DA:32,0
DA:36,0
DA:37,0
DA:40,0
DA:41,0
DA:42,0
DA:43,0
DA:45,0
DA:46,0
DA:50,0
DA:51,0
DA:52,0
LF:22
LH:0
BRDA:8,0,0,0
BRDA:8,0,1,0
BRDA:23,1,0,0
BRDA:23,1,1,0
BRDA:25,2,0,0
BRDA:30,3,0,0
BRF:6
BRH:0
end_of_record
TN:
SF:src\infrastructure\persistence\repositories\PrismaWalletRepository.ts
FN:10,(anonymous_1)
FN:12,(anonymous_2)
FN:17,(anonymous_3)
FN:22,(anonymous_4)
FN:29,(anonymous_5)
FN:34,(anonymous_6)
FN:43,(anonymous_7)
FN:58,(anonymous_8)
FN:70,(anonymous_9)
FN:77,(anonymous_10)
FNF:10
FNH:0
FNDA:0,(anonymous_1)
FNDA:0,(anonymous_2)
FNDA:0,(anonymous_3)
FNDA:0,(anonymous_4)
FNDA:0,(anonymous_5)
FNDA:0,(anonymous_6)
FNDA:0,(anonymous_7)
FNDA:0,(anonymous_8)
FNDA:0,(anonymous_9)
FNDA:0,(anonymous_10)
DA:1,0
DA:3,0
DA:9,0
DA:10,0
DA:13,0
DA:14,0
DA:18,0
DA:19,0
DA:23,0
DA:26,0
DA:30,0
DA:31,0
DA:35,0
DA:40,0
DA:44,0
DA:55,0
DA:59,0
DA:60,0
DA:67,0
DA:71,0
DA:78,0
DA:90,0
LF:22
LH:0
BRDA:14,0,0,0
BRDA:14,0,1,0
BRDA:19,1,0,0
BRDA:19,1,1,0
BRDA:26,2,0,0
BRDA:26,2,1,0
BRDA:31,3,0,0
BRDA:31,3,1,0
BRDA:40,4,0,0
BRDA:40,4,1,0
BRF:10
BRH:0
end_of_record
TN:
SF:src\infrastructure\persistence\repositories\index.ts
FNF:0
FNH:0
DA:1,0
DA:2,0
DA:3,0
DA:4,0
LF:4
LH:0
BRF:0
BRH:0
end_of_record
TN:
SF:src\shared\config\index.ts
FN:49,(anonymous_1)
FN:54,(anonymous_2)
FNF:2
FNH:0
FNDA:0,(anonymous_1)
FNDA:0,(anonymous_2)
DA:1,0
DA:2,0
DA:4,0
DA:6,0
DA:49,0
DA:50,0
DA:51,0
DA:53,0
DA:54,0
DA:55,0
DA:57,0
DA:61,0
DA:63,0
LF:13
LH:0
BRDA:53,0,0,0
BRF:1
BRH:0
end_of_record
TN:
SF:src\shared\types\index.ts
FN:4,(anonymous_0)
FN:4,(anonymous_1)
FN:4,(anonymous_2)
FN:4,(anonymous_3)
FN:4,(anonymous_4)
FN:4,(anonymous_5)
FN:13,ok
FN:17,err
FNF:8
FNH:0
FNDA:0,(anonymous_0)
FNDA:0,(anonymous_1)
FNDA:0,(anonymous_2)
FNDA:0,(anonymous_3)
FNDA:0,(anonymous_4)
FNDA:0,(anonymous_5)
FNDA:0,ok
FNDA:0,err
DA:1,0
DA:4,0
DA:13,0
DA:14,0
DA:17,0
DA:18,0
LF:6
LH:0
BRF:0
BRH:0
end_of_record
TN:
SF:src\shared\utils\encryption.ts
FN:9,encryptEntitySecret
FNF:1
FNH:0
FNDA:0,encryptEntitySecret
DA:1,0
DA:9,0
DA:14,0
DA:16,0
DA:17,0
DA:21,0
DA:24,0
DA:32,0
LF:8
LH:0
BRDA:16,0,0,0
BRF:1
BRH:0
end_of_record
TN:
SF:src\shared\utils\idempotency.ts
FN:6,generateIdempotencyKey
FN:13,createIdempotencyKey
FNF:2
FNH:0
FNDA:0,generateIdempotencyKey
FNDA:0,createIdempotencyKey
DA:1,0
DA:6,0
DA:7,0
DA:13,0
DA:14,0
DA:15,0
DA:16,0
DA:17,0
LF:8
LH:0
BRDA:17,0,0,0
BRDA:17,0,1,0
BRF:2
BRH:0
end_of_record
TN:
SF:src\shared\utils\index.ts
FNF:0
FNH:0
DA:1,0
DA:2,0
LF:2
LH:0
BRF:0
BRH:0
end_of_record
TN:
SF:src\shared\utils\logger.ts
FN:22,(anonymous_1)
FNF:1
FNH:0
FNDA:0,(anonymous_1)
DA:1,0
DA:2,0
DA:4,0
DA:22,0
DA:23,0
LF:5
LH:0
BRDA:5,0,0,0
BRDA:5,0,1,0
BRDA:7,1,0,0
BRDA:7,1,1,0
BRF:4
BRH:0
end_of_record
